<?xml version="1.0" encoding="UTF-8"?>
<!-- Generated by org.testng.reporters.JUnitReportReporter -->
<testsuite skipped="0" hostname="DESKTOP-79SRAMQ" name="day6.Key_runner" tests="6" failures="0" timestamp="2021-09-16T15:54:22 IST" time="3.616" errors="0">
  <testcase name="details" time="0.470" classname="day6.Key_runner"/>
  <system-out/>
  <testcase name="details" time="1.796" classname="day6.Key_runner"/>
  <system-out/>
  <testcase name="details" time="1.007" classname="day6.Key_runner"/>
  <system-out/>
  <testcase name="details" time="0.009" classname="day6.Key_runner"/>
  <system-out/>
  <testcase name="details" time="0.192" classname="day6.Key_runner"/>
  <system-out/>
  <testcase name="details" time="0.142" classname="day6.Key_runner"/>
  <system-out/>
</testsuite> <!-- day6.Key_runner -->
