<?xml version="1.0" encoding="UTF-8"?>
<!-- Generated by org.testng.reporters.JUnitReportReporter -->
<testsuite skipped="0" hostname="DESKTOP-79SRAMQ" name="day6.Linktesting" tests="1" failures="0" timestamp="2021-09-16T12:02:53 IST" time="7.122" errors="0">
  <testcase name="linktest" time="7.122" classname="day6.Linktesting"/>
  <system-out/>
</testsuite> <!-- day6.Linktesting -->
