<?xml version="1.0" encoding="UTF-8"?>
<!-- Generated by org.testng.reporters.JUnitReportReporter -->
<testsuite skipped="0" hostname="DESKTOP-79SRAMQ" name="day5_pagefactory.pagefact_runner" tests="2" failures="0" timestamp="2021-09-16T09:36:12 IST" time="11.567" errors="0">
  <testcase name="logintest" time="6.233" classname="day5_pagefactory.pagefact_runner"/>
  <system-out/>
  <testcase name="forgettest" time="5.334" classname="day5_pagefactory.pagefact_runner"/>
  <system-out/>
</testsuite> <!-- day5_pagefactory.pagefact_runner -->
