<?xml version="1.0" encoding="UTF-8"?>
<!-- Generated by org.testng.reporters.JUnitReportReporter -->
<testsuite skipped="0" hostname="DESKTOP-79SRAMQ" name="day5.POM_runner" tests="3" failures="0" timestamp="2021-09-15T14:29:51 IST" time="9.597" errors="0">
  <testcase name="forgettest" time="5.030" classname="day5.POM_runner"/>
  <system-out/>
  <testcase name="canceltest" time="0.531" classname="day5.POM_runner"/>
  <system-out/>
  <testcase name="logintest" time="4.036" classname="day5.POM_runner"/>
  <system-out/>
</testsuite> <!-- day5.POM_runner -->
