<?xml version="1.0" encoding="UTF-8"?>
<!-- Generated by org.testng.reporters.JUnitReportReporter -->
<testsuite skipped="0" hostname="DESKTOP-79SRAMQ" name="day6.Property" tests="1" failures="0" timestamp="2021-09-16T10:16:15 IST" time="0.011" errors="0">
  <testcase name="usingpropfile" time="0.011" classname="day6.Property"/>
  <system-out/>
</testsuite> <!-- day6.Property -->
