<?xml version="1.0" encoding="UTF-8"?>
<!-- Generated by org.testng.reporters.JUnitReportReporter -->
<testsuite skipped="0" hostname="DESKTOP-79SRAMQ" name="day6.Runner_keyword" tests="1" failures="0" timestamp="2021-09-16T14:55:38 IST" time="8.303" errors="0">
  <testcase name="run" time="8.303" classname="day6.Runner_keyword"/>
  <system-out/>
</testsuite> <!-- day6.Runner_keyword -->
