<?xml version="1.0" encoding="UTF-8"?>
<!-- Generated by org.testng.reporters.JUnitReportReporter -->
<testsuite skipped="0" hostname="DESKTOP-79SRAMQ" name="day6_maven.CSvfile" tests="1" failures="0" timestamp="2021-09-20T09:37:37 IST" time="0.027" errors="0">
  <testcase name="f" time="0.027" classname="day6_maven.CSvfile"/>
  <system-out/>
</testsuite> <!-- day6_maven.CSvfile -->
