<?xml version="1.0" encoding="UTF-8"?>
<!-- Generated by org.testng.reporters.JUnitReportReporter -->
<testsuite skipped="0" hostname="DESKTOP-79SRAMQ" name="day6_maven.Extenteg" tests="1" failures="0" timestamp="2021-09-16T17:53:23 IST" time="3.382" errors="0">
  <testcase name="f" time="3.382" classname="day6_maven.Extenteg"/>
  <system-out/>
</testsuite> <!-- day6_maven.Extenteg -->
