<?xml version="1.0" encoding="UTF-8"?>
<!-- Generated by org.testng.reporters.JUnitReportReporter -->
<testsuite skipped="0" hostname="DESKTOP-79SRAMQ" name="loginTests.Comparison" tests="1" failures="0" timestamp="24 Sep 2021 09:27:13 GMT" time="0.012" errors="0">
  <testcase name="compare" time="0.012" classname="loginTests.Comparison"/>
</testsuite> <!-- loginTests.Comparison -->
