<?xml version="1.0" encoding="UTF-8"?>
<!-- Generated by org.testng.reporters.JUnitReportReporter -->
<testsuite skipped="1" hostname="DESKTOP-79SRAMQ" name="gitHub.gettingAllRepositories" tests="2" failures="0" timestamp="21 Sep 2021 11:45:38 GMT" time="3.279" errors="0">
  <testcase name="createRepository" time="3.279" classname="gitHub.gettingAllRepositories"/>
  <testcase name="f" classname="gitHub.gettingAllRepositories">
    <skipped/>
  </testcase> <!-- f -->
</testsuite> <!-- gitHub.gettingAllRepositories -->
