<?xml version="1.0" encoding="UTF-8"?>
<!-- Generated by org.testng.reporters.JUnitReportReporter -->
<testsuite skipped="3" hostname="DESKTOP-79SRAMQ" name="weather.WeatherAPI" tests="4" failures="0" timestamp="21 Sep 2021 10:22:30 GMT" time="2.513" errors="0">
  <testcase name="f4" time="2.513" classname="weather.WeatherAPI"/>
  <testcase name="f3" classname="weather.WeatherAPI">
    <skipped/>
  </testcase> <!-- f3 -->
  <testcase name="f1" classname="weather.WeatherAPI">
    <skipped/>
  </testcase> <!-- f1 -->
  <testcase name="f" classname="weather.WeatherAPI">
    <skipped/>
  </testcase> <!-- f -->
</testsuite> <!-- weather.WeatherAPI -->
