<?xml version="1.0" encoding="UTF-8"?>
<!-- Generated by org.testng.reporters.JUnitReportReporter -->
<testsuite skipped="0" hostname="DESKTOP-79SRAMQ" name="contactListApi.NegativeTest" tests="5" failures="0" timestamp="21 Sep 2021 09:19:11 GMT" time="5.481" errors="0">
  <testcase name="addNewContactWithInvalidChar" time="0.612" classname="contactListApi.NegativeTest"/>
  <testcase name="getContact" time="0.595" classname="contactListApi.NegativeTest"/>
  <testcase name="addNewContactMissingInfo" time="3.096" classname="contactListApi.NegativeTest"/>
  <testcase name="addNewContactWithWrongFormat" time="0.616" classname="contactListApi.NegativeTest"/>
  <testcase name="addNewContactMoreSize" time="0.562" classname="contactListApi.NegativeTest"/>
</testsuite> <!-- contactListApi.NegativeTest -->
