<?xml version="1.0" encoding="UTF-8"?>
<!-- Generated by org.testng.reporters.JUnitReportReporter -->
<testsuite skipped="1" hostname="DESKTOP-79SRAMQ" name="contactListApi.PositiveTests" tests="5" failures="0" timestamp="21 Sep 2021 07:21:31 GMT" time="4.631" errors="0">
  <testcase name="deletecontact" time="0.582" classname="contactListApi.PositiveTests"/>
  <testcase name="addnewcontact" time="2.837" classname="contactListApi.PositiveTests"/>
  <testcase name="updatecontact" time="0.628" classname="contactListApi.PositiveTests"/>
  <testcase name="getspecificcontact" time="0.584" classname="contactListApi.PositiveTests"/>
  <testcase name="getallcontact" classname="contactListApi.PositiveTests">
    <skipped/>
  </testcase> <!-- getallcontact -->
</testsuite> <!-- contactListApi.PositiveTests -->
