<?xml version="1.0" encoding="UTF-8"?>
<!-- Generated by org.testng.reporters.JUnitReportReporter -->
<testsuite skipped="0" hostname="DESKTOP-79SRAMQ" name="contactListApi.positive" tests="1" failures="0" timestamp="21 Sep 2021 05:16:03 GMT" time="37.211" errors="0">
  <testcase name="f" time="37.211" classname="contactListApi.positive"/>
</testsuite> <!-- contactListApi.positive -->
