<?xml version="1.0" encoding="UTF-8"?>
<!-- Generated by org.testng.reporters.JUnitReportReporter -->
<testsuite skipped="0" hostname="DESKTOP-79SRAMQ" name="loginTests.AppTesting" tests="2" failures="0" timestamp="24 Sep 2021 09:30:15 GMT" time="0.001" errors="0">
  <testcase name="invalid" time="0.001" classname="loginTests.AppTesting"/>
  <testcase name="valid" time="0.000" classname="loginTests.AppTesting"/>
</testsuite> <!-- loginTests.AppTesting -->
